-------------------------------------------------------------------------------
Test set: TestSuite
-------------------------------------------------------------------------------
Tests run: 2, Failures: 1, Errors: 0, Skipped: 0, Time elapsed: 49.877 s <<< FAILURE! - in TestSuite
motorCycleInsuranceCalculation_Test2(com.automationtalks.RegressionSuite.VehicalInsuranceCalculator)  Time elapsed: 10.133 s  <<< FAILURE!
java.lang.Exception: Value desired to be selected: BMW1 is not present in make dropdown
	at com.automationtalks.RegressionSuite.VehicalInsuranceCalculator.motorCycleInsuranceCalculation_Test2(VehicalInsuranceCalculator.java:188)

